<?xml version="1.0" encoding="UTF-8"?>
<testsuite xmlns:xsi="http://www.w3.org/2001/XMLSchema-instance" xsi:noNamespaceSchemaLocation="https://maven.apache.org/surefire/maven-surefire-plugin/xsd/surefire-test-report-3.0.xsd" version="3.0" name="com.example.demo.AppTest" time="5.053" tests="3" errors="0" skipped="0" failures="0">
  <properties>
[...]
</properties>
  <testcase name="slowTest" classname="com.example.demo.AppTest" time="1.036"/>
  <testcase name="slowTestDemo" classname="com.example.demo.AppTest" time="4.001"/>
  <testcase name="fastTest" classname="com.example.demo.AppTest" time="0.002"/>
</testsuite>